TN:
SF:src\analiseDeDados.js
FN:2,(anonymous_0)
FN:6,(anonymous_1)
FN:12,(anonymous_2)
FN:17,(anonymous_3)
FN:18,(anonymous_4)
FN:21,(anonymous_5)
FN:23,(anonymous_6)
FN:26,(anonymous_7)
FN:33,(anonymous_8)
FN:35,(anonymous_9)
FN:42,(anonymous_10)
FN:46,(anonymous_11)
FN:49,(anonymous_12)
FN:52,(anonymous_13)
FN:57,(anonymous_14)
FN:61,(anonymous_15)
FN:65,(anonymous_16)
FN:68,(anonymous_17)
FN:69,(anonymous_18)
FN:72,(anonymous_19)
FN:81,(anonymous_20)
FN:82,(anonymous_21)
FN:85,(anonymous_22)
FN:86,(anonymous_23)
FN:89,(anonymous_24)
FN:93,(anonymous_25)
FN:99,(anonymous_26)
FN:105,(anonymous_27)
FN:108,(anonymous_28)
FN:112,(anonymous_29)
FN:114,(anonymous_30)
FN:115,(anonymous_31)
FN:116,(anonymous_32)
FNF:33
FNH:33
FNDA:19,(anonymous_0)
FNDA:2,(anonymous_1)
FNDA:1,(anonymous_2)
FNDA:5,(anonymous_3)
FNDA:32,(anonymous_4)
FNDA:11,(anonymous_5)
FNDA:37,(anonymous_6)
FNDA:2,(anonymous_7)
FNDA:3,(anonymous_8)
FNDA:3,(anonymous_9)
FNDA:3,(anonymous_10)
FNDA:8,(anonymous_11)
FNDA:18,(anonymous_12)
FNDA:5,(anonymous_13)
FNDA:4,(anonymous_14)
FNDA:4,(anonymous_15)
FNDA:2,(anonymous_16)
FNDA:4,(anonymous_17)
FNDA:3,(anonymous_18)
FNDA:6,(anonymous_19)
FNDA:1,(anonymous_20)
FNDA:8,(anonymous_21)
FNDA:1,(anonymous_22)
FNDA:8,(anonymous_23)
FNDA:1,(anonymous_24)
FNDA:2,(anonymous_25)
FNDA:1,(anonymous_26)
FNDA:3,(anonymous_27)
FNDA:4,(anonymous_28)
FNDA:10,(anonymous_29)
FNDA:10,(anonymous_30)
FNDA:10,(anonymous_31)
FNDA:10,(anonymous_32)
DA:3,19
DA:7,2
DA:8,1
DA:9,1
DA:13,1
DA:14,1
DA:18,32
DA:22,11
DA:23,37
DA:27,2
DA:28,1
DA:29,1
DA:30,1
DA:34,3
DA:35,1
DA:36,3
DA:37,3
DA:40,1
DA:41,1
DA:42,3
DA:47,8
DA:48,6
DA:49,18
DA:53,5
DA:54,5
DA:58,4
DA:62,4
DA:66,2
DA:67,2
DA:68,4
DA:69,3
DA:73,6
DA:74,3
DA:75,3
DA:76,3
DA:77,3
DA:78,3
DA:82,8
DA:86,8
DA:90,1
DA:94,2
DA:95,2
DA:96,2
DA:100,1
DA:101,1
DA:102,1
DA:103,1
DA:104,1
DA:105,3
DA:109,4
DA:111,2
DA:112,10
DA:114,10
DA:115,10
DA:116,10
DA:118,2
DA:123,1
LF:57
LH:57
BRDA:2,0,0,19
BRDA:7,1,0,1
BRDA:7,1,1,1
BRDA:22,2,0,0
BRDA:22,2,1,11
BRDA:27,3,0,1
BRDA:27,3,1,1
BRDA:30,4,0,0
BRDA:30,4,1,1
BRDA:34,5,0,2
BRDA:34,5,1,1
BRDA:36,6,0,3
BRDA:36,6,1,3
BRDA:47,7,0,2
BRDA:47,7,1,6
BRDA:54,8,0,4
BRDA:54,8,1,1
BRDA:58,9,0,4
BRDA:58,9,1,0
BRDA:62,10,0,4
BRDA:62,10,1,0
BRDA:68,11,0,1
BRDA:68,11,1,1
BRDA:73,12,0,3
BRDA:73,12,1,3
BRDA:73,13,0,6
BRDA:73,13,1,5
BRDA:73,13,2,4
BRDA:78,14,0,3
BRDA:78,14,1,0
BRDA:96,15,0,2
BRDA:96,15,1,0
BRDA:99,16,0,1
BRDA:105,17,0,3
BRDA:105,17,1,3
BRDA:109,18,0,2
BRDA:109,18,1,2
BRDA:109,19,0,4
BRDA:109,19,1,4
BRDA:118,20,0,2
BRDA:118,20,1,0
BRF:41
BRH:34
end_of_record
